<?xml version="1.0" encoding="UTF-8"?>
<testng-results ignored="0" total="1" passed="1" failed="0" skipped="0">
  <reporter-output>
    <line>
      <![CDATA[https://www.fb.com]]>
    </line>
    <line>
      <![CDATA[prajwal]]>
    </line>
    <line>
      <![CDATA[seleniumtrainer]]>
    </line>
  </reporter-output>
  <suite started-at="2022-07-15T07:12:00 IST" name="Default suite" finished-at="2022-07-15T07:12:00 IST" duration-ms="82">
    <groups>
    </groups>
    <test started-at="2022-07-15T07:12:00 IST" name="Default test" finished-at="2022-07-15T07:12:00 IST" duration-ms="82">
      <class name="DataDrivenTesting.PropertiesFile">
        <test-method signature="readDataFromPropertyFile()[pri:0, instance:DataDrivenTesting.PropertiesFile@44a7bfbc]" started-at="2022-07-15T07:12:00 IST" name="readDataFromPropertyFile" finished-at="2022-07-15T07:12:00 IST" duration-ms="14" status="PASS">
          <reporter-output>
            <line>
              <![CDATA[https://www.fb.com]]>
            </line>
            <line>
              <![CDATA[prajwal]]>
            </line>
            <line>
              <![CDATA[seleniumtrainer]]>
            </line>
          </reporter-output>
        </test-method> <!-- readDataFromPropertyFile -->
      </class> <!-- DataDrivenTesting.PropertiesFile -->
    </test> <!-- Default test -->
  </suite> <!-- Default suite -->
</testng-results>
